#-----------------------------------------------------------
# Vivado v2018.2 (64-bit)
# SW Build 2258646 on Thu Jun 14 20:03:12 MDT 2018
# IP Build 2256618 on Thu Jun 14 22:10:49 MDT 2018
# Start of session at: Sun Mar 26 00:37:25 2023
# Process ID: 13216
# Current directory: C:/Users/eugen/OneDrive - National University of Singapore/Y2S2/EE2026/Project/MAD-2026
# Command line: vivado.exe -gui_launcher_event rodinguilauncherevent6028 C:\Users\eugen\OneDrive - National University of Singapore\Y2S2\EE2026\Project\MAD-2026\MouseAudioDisplay.xpr
# Log file: C:/Users/eugen/OneDrive - National University of Singapore/Y2S2/EE2026/Project/MAD-2026/vivado.log
# Journal file: C:/Users/eugen/OneDrive - National University of Singapore/Y2S2/EE2026/Project/MAD-2026\vivado.jou
#-----------------------------------------------------------
start_gui
open_project {C:/Users/eugen/OneDrive - National University of Singapore/Y2S2/EE2026/Project/MAD-2026/MouseAudioDisplay.xpr}
INFO: [ProjectBase 1-489] The host OS only allows 260 characters in a normal path. The project is stored in a path with more than 80 characters. If you experience issues with IP, Block Designs, or files not being found, please consider moving the project to a location with a shorter path. Alternately consider using the OS subst command to map part of the path to a drive letter.
Current project path is 'C:/Users/eugen/OneDrive - National University of Singapore/Y2S2/EE2026/Project/MAD-2026'
INFO: [Project 1-313] Project file moved from '/home/mattliu/Desktop/MAD-2026' since last save.
Scanning sources...
Finished scanning sources
INFO: [IP_Flow 19-234] Refreshing IP repositories
INFO: [IP_Flow 19-1704] No user IP repositories specified
INFO: [IP_Flow 19-2313] Loaded Vivado IP repository 'C:/Xilinx/Vivado/2018.2/data/ip'.
update_compile_order -fileset sources_1
add_files {{C:/Users/eugen/OneDrive - National University of Singapore/Y2S2/EE2026/Project/MAD-2026/MouseAudioDisplay.srcs/sources_1/new/Cart/E_segment_counter.v} {C:/Users/eugen/OneDrive - National University of Singapore/Y2S2/EE2026/Project/MAD-2026/MouseAudioDisplay.srcs/sources_1/new/Cart/E_points_counter.v} {C:/Users/eugen/OneDrive - National University of Singapore/Y2S2/EE2026/Project/MAD-2026/MouseAudioDisplay.srcs/sources_1/new/Cart/E_DFF.v} {C:/Users/eugen/OneDrive - National University of Singapore/Y2S2/EE2026/Project/MAD-2026/MouseAudioDisplay.srcs/sources_1/new/Cart/E_RNG.v} {C:/Users/eugen/OneDrive - National University of Singapore/Y2S2/EE2026/Project/MAD-2026/MouseAudioDisplay.srcs/sources_1/new/Cart/E_thousandHz.v} {C:/Users/eugen/OneDrive - National University of Singapore/Y2S2/EE2026/Project/MAD-2026/MouseAudioDisplay.srcs/sources_1/new/Cart/E_car_position.v} {C:/Users/eugen/OneDrive - National University of Singapore/Y2S2/EE2026/Project/MAD-2026/MouseAudioDisplay.srcs/sources_1/new/Cart/E_OLED_Writer.v} {C:/Users/eugen/OneDrive - National University of Singapore/Y2S2/EE2026/Project/MAD-2026/MouseAudioDisplay.srcs/sources_1/new/Cart/E_debouncer_button.v} {C:/Users/eugen/OneDrive - National University of Singapore/Y2S2/EE2026/Project/MAD-2026/MouseAudioDisplay.srcs/sources_1/new/Cart/E_Segment_Digits.v} {C:/Users/eugen/OneDrive - National University of Singapore/Y2S2/EE2026/Project/MAD-2026/MouseAudioDisplay.srcs/sources_1/new/Cart/E_clk_480hz.v} {C:/Users/eugen/OneDrive - National University of Singapore/Y2S2/EE2026/Project/MAD-2026/MouseAudioDisplay.srcs/sources_1/new/Cart/E_clocks.v} {C:/Users/eugen/OneDrive - National University of Singapore/Y2S2/EE2026/Project/MAD-2026/MouseAudioDisplay.srcs/sources_1/new/Cart/E_coins.v} {C:/Users/eugen/OneDrive - National University of Singapore/Y2S2/EE2026/Project/MAD-2026/MouseAudioDisplay.srcs/sources_1/new/Cart/E_y_movement.v}}
update_compile_order -fileset sources_1
ERROR: [Vivado 12-106] *** Exception: java.lang.IllegalArgumentException: Comparison method violates its general contract! (See C:/Users/eugen/OneDrive - National University of Singapore/Y2S2/EE2026/Project/MAD-2026/vivado_pid13216.debug)
ERROR: [Vivado 12-106] *** Exception: java.lang.IllegalArgumentException: Comparison method violates its general contract! (See C:/Users/eugen/OneDrive - National University of Singapore/Y2S2/EE2026/Project/MAD-2026/vivado_pid13216.debug)
ERROR: [Vivado 12-106] *** Exception: java.lang.IllegalArgumentException: Comparison method violates its general contract! (See C:/Users/eugen/OneDrive - National University of Singapore/Y2S2/EE2026/Project/MAD-2026/vivado_pid13216.debug)
ERROR: [Vivado 12-106] *** Exception: java.lang.IllegalArgumentException: Comparison method violates its general contract! (See C:/Users/eugen/OneDrive - National University of Singapore/Y2S2/EE2026/Project/MAD-2026/vivado_pid13216.debug)
ERROR: [Vivado 12-106] *** Exception: java.lang.IllegalArgumentException: Comparison method violates its general contract! (See C:/Users/eugen/OneDrive - National University of Singapore/Y2S2/EE2026/Project/MAD-2026/vivado_pid13216.debug)
ERROR: [Vivado 12-106] *** Exception: java.lang.IllegalArgumentException: Comparison method violates its general contract! (See C:/Users/eugen/OneDrive - National University of Singapore/Y2S2/EE2026/Project/MAD-2026/vivado_pid13216.debug)
ERROR: [Vivado 12-106] *** Exception: java.lang.IllegalArgumentException: Comparison method violates its general contract! (See C:/Users/eugen/OneDrive - National University of Singapore/Y2S2/EE2026/Project/MAD-2026/vivado_pid13216.debug)
ERROR: [Vivado 12-106] *** Exception: java.lang.IllegalArgumentException: Comparison method violates its general contract! (See C:/Users/eugen/OneDrive - National University of Singapore/Y2S2/EE2026/Project/MAD-2026/vivado_pid13216.debug)
exit
INFO: [Common 17-206] Exiting Vivado at Sun Mar 26 00:42:59 2023...
