#-----------------------------------------------------------
# Vivado v2018.2 (64-bit)
# SW Build 2258646 on Thu Jun 14 20:03:12 MDT 2018
# IP Build 2256618 on Thu Jun 14 22:10:49 MDT 2018
# Start of session at: Tue Mar 21 00:38:11 2023
# Process ID: 9064
# Current directory: C:/Users/cheehengk/.Xilinx/Projects/NewIndvTask
# Command line: vivado.exe -gui_launcher_event rodinguilauncherevent5176 C:\Users\cheehengk\.Xilinx\Projects\NewIndvTask\MouseAudioDisplay.xpr
# Log file: C:/Users/cheehengk/.Xilinx/Projects/NewIndvTask/vivado.log
# Journal file: C:/Users/cheehengk/.Xilinx/Projects/NewIndvTask\vivado.jou
#-----------------------------------------------------------
start_gui
open_project C:/Users/cheehengk/.Xilinx/Projects/NewIndvTask/MouseAudioDisplay.xpr
INFO: [Project 1-313] Project file moved from 'D:/MyWork/AudioOutIndivTask' since last save.
Scanning sources...
Finished scanning sources
INFO: [IP_Flow 19-234] Refreshing IP repositories
INFO: [IP_Flow 19-1704] No user IP repositories specified
INFO: [IP_Flow 19-2313] Loaded Vivado IP repository 'C:/Users/cheehengk/.Xilinx/Vivado/2018.2/data/ip'.
open_project: Time (s): cpu = 00:00:21 ; elapsed = 00:00:14 . Memory (MB): peak = 840.828 ; gain = 93.473
update_compile_order -fileset sources_1
close [ open C:/Users/cheehengk/.Xilinx/Projects/NewIndvTask/MouseAudioDisplay.srcs/sources_1/new/ButtonC.v w ]
add_files C:/Users/cheehengk/.Xilinx/Projects/NewIndvTask/MouseAudioDisplay.srcs/sources_1/new/ButtonC.v
update_compile_order -fileset sources_1
close [ open C:/Users/cheehengk/.Xilinx/Projects/NewIndvTask/MouseAudioDisplay.srcs/sources_1/new/buttonModule.v w ]
add_files C:/Users/cheehengk/.Xilinx/Projects/NewIndvTask/MouseAudioDisplay.srcs/sources_1/new/buttonModule.v
update_compile_order -fileset sources_1
export_ip_user_files -of_objects  [get_files C:/Users/cheehengk/.Xilinx/Projects/NewIndvTask/MouseAudioDisplay.srcs/sources_1/new/ButtonC.v] -no_script -reset -force -quiet
remove_files  C:/Users/cheehengk/.Xilinx/Projects/NewIndvTask/MouseAudioDisplay.srcs/sources_1/new/ButtonC.v
reset_run synth_1
update_compile_order -fileset sources_1
launch_runs impl_1 -to_step write_bitstream -jobs 4
[Tue Mar 21 01:16:59 2023] Launched synth_1...
Run output will be captured here: C:/Users/cheehengk/.Xilinx/Projects/NewIndvTask/MouseAudioDisplay.runs/synth_1/runme.log
[Tue Mar 21 01:16:59 2023] Launched impl_1...
Run output will be captured here: C:/Users/cheehengk/.Xilinx/Projects/NewIndvTask/MouseAudioDisplay.runs/impl_1/runme.log
exit
INFO: [Common 17-206] Exiting Vivado at Tue Mar 21 01:21:55 2023...
