
*** Running vivado
    with args -log CartMaster.vds -m64 -product Vivado -mode batch -messageDb vivado.pb -notrace -source CartMaster.tcl


****** Vivado v2018.2 (64-bit)
  **** SW Build 2258646 on Thu Jun 14 20:03:12 MDT 2018
  **** IP Build 2256618 on Thu Jun 14 22:10:49 MDT 2018
    ** Copyright 1986-2018 Xilinx, Inc. All Rights Reserved.

source CartMaster.tcl -notrace
Command: synth_design -top CartMaster -part xc7a35tcpg236-1
Starting synth_design
Attempting to get a license for feature 'Synthesis' and/or device 'xc7a35t'
INFO: [Common 17-349] Got license for feature 'Synthesis' and/or device 'xc7a35t'
INFO: Launching helper process for spawning children vivado processes
INFO: Helper process launched with PID 19588 
---------------------------------------------------------------------------------
Starting RTL Elaboration : Time (s): cpu = 00:00:00 ; elapsed = 00:00:01 . Memory (MB): peak = 382.613 ; gain = 97.906
---------------------------------------------------------------------------------
INFO: [Synth 8-6157] synthesizing module 'CartMaster' [C:/Users/eugen/OneDrive - National University of Singapore/Y2S2/EE2026/Project/MAD-2026/MouseAudioDisplay.srcs/sources_1/new/Cart/E_CartMaster.v:23]
INFO: [Synth 8-6157] synthesizing module 'clocks' [C:/Users/eugen/OneDrive - National University of Singapore/Y2S2/EE2026/Project/MAD-2026/MouseAudioDisplay.srcs/sources_1/new/Cart/E_clocks.v:23]
INFO: [Synth 8-6155] done synthesizing module 'clocks' (1#1) [C:/Users/eugen/OneDrive - National University of Singapore/Y2S2/EE2026/Project/MAD-2026/MouseAudioDisplay.srcs/sources_1/new/Cart/E_clocks.v:23]
INFO: [Synth 8-6157] synthesizing module 'Oled_Display' [C:/Users/eugen/OneDrive - National University of Singapore/Y2S2/EE2026/Project/MAD-2026/MouseAudioDisplay.srcs/sources_1/imports/Desktop/Oled_Display.v:36]
	Parameter Width bound to: 96 - type: integer 
	Parameter Height bound to: 64 - type: integer 
	Parameter PixelCount bound to: 6144 - type: integer 
	Parameter PixelCountWidth bound to: 13 - type: integer 
	Parameter ClkFreq bound to: 6250000 - type: integer 
	Parameter FrameFreq bound to: 60 - type: integer 
	Parameter FrameDiv bound to: 104166 - type: integer 
	Parameter FrameDivWidth bound to: 17 - type: integer 
	Parameter PowerDelay bound to: 20 - type: integer 
	Parameter ResetDelay bound to: 3 - type: integer 
	Parameter VccEnDelay bound to: 20 - type: integer 
	Parameter StartupCompleteDelay bound to: 100 - type: integer 
	Parameter MaxDelay bound to: 100 - type: integer 
	Parameter MaxDelayCount bound to: 625000 - type: integer 
	Parameter StateCount bound to: 32 - type: integer 
	Parameter StateWidth bound to: 5 - type: integer 
	Parameter PowerUp bound to: 5'b00000 
	Parameter Reset bound to: 5'b00001 
	Parameter ReleaseReset bound to: 5'b00011 
	Parameter EnableDriver bound to: 5'b00010 
	Parameter DisplayOff bound to: 5'b00110 
	Parameter SetRemapDisplayFormat bound to: 5'b00111 
	Parameter SetStartLine bound to: 5'b00101 
	Parameter SetOffset bound to: 5'b00100 
	Parameter SetNormalDisplay bound to: 5'b01100 
	Parameter SetMultiplexRatio bound to: 5'b01101 
	Parameter SetMasterConfiguration bound to: 5'b01111 
	Parameter DisablePowerSave bound to: 5'b01110 
	Parameter SetPhaseAdjust bound to: 5'b01010 
	Parameter SetDisplayClock bound to: 5'b01011 
	Parameter SetSecondPrechargeA bound to: 5'b01001 
	Parameter SetSecondPrechargeB bound to: 5'b01000 
	Parameter SetSecondPrechargeC bound to: 5'b11000 
	Parameter SetPrechargeLevel bound to: 5'b11001 
	Parameter SetVCOMH bound to: 5'b11011 
	Parameter SetMasterCurrent bound to: 5'b11010 
	Parameter SetContrastA bound to: 5'b11110 
	Parameter SetContrastB bound to: 5'b11111 
	Parameter SetContrastC bound to: 5'b11101 
	Parameter DisableScrolling bound to: 5'b11100 
	Parameter ClearScreen bound to: 5'b10100 
	Parameter VccEn bound to: 5'b10101 
	Parameter DisplayOn bound to: 5'b10111 
	Parameter PrepareNextFrame bound to: 5'b10110 
	Parameter SetColAddress bound to: 5'b10010 
	Parameter SetRowAddress bound to: 5'b10011 
	Parameter WaitNextFrame bound to: 5'b10001 
	Parameter SendPixel bound to: 5'b10000 
	Parameter SpiCommandMaxWidth bound to: 40 - type: integer 
	Parameter SpiCommandBitCountWidth bound to: 6 - type: integer 
INFO: [Synth 8-226] default block is never used [C:/Users/eugen/OneDrive - National University of Singapore/Y2S2/EE2026/Project/MAD-2026/MouseAudioDisplay.srcs/sources_1/imports/Desktop/Oled_Display.v:123]
INFO: [Synth 8-226] default block is never used [C:/Users/eugen/OneDrive - National University of Singapore/Y2S2/EE2026/Project/MAD-2026/MouseAudioDisplay.srcs/sources_1/imports/Desktop/Oled_Display.v:198]
WARNING: [Synth 8-693] zero replication count - replication ignored [C:/Users/eugen/OneDrive - National University of Singapore/Y2S2/EE2026/Project/MAD-2026/MouseAudioDisplay.srcs/sources_1/imports/Desktop/Oled_Display.v:346]
INFO: [Synth 8-6155] done synthesizing module 'Oled_Display' (2#1) [C:/Users/eugen/OneDrive - National University of Singapore/Y2S2/EE2026/Project/MAD-2026/MouseAudioDisplay.srcs/sources_1/imports/Desktop/Oled_Display.v:36]
INFO: [Synth 8-6157] synthesizing module 'blocks_display' [C:/Users/eugen/OneDrive - National University of Singapore/Y2S2/EE2026/Project/MAD-2026/MouseAudioDisplay.srcs/sources_1/new/Cart/E_y_movement.v:23]
INFO: [Synth 8-6155] done synthesizing module 'blocks_display' (3#1) [C:/Users/eugen/OneDrive - National University of Singapore/Y2S2/EE2026/Project/MAD-2026/MouseAudioDisplay.srcs/sources_1/new/Cart/E_y_movement.v:23]
INFO: [Synth 8-6157] synthesizing module 'displayOLED' [C:/Users/eugen/OneDrive - National University of Singapore/Y2S2/EE2026/Project/MAD-2026/MouseAudioDisplay.srcs/sources_1/new/Cart/E_OLED_Writer.v:23]
WARNING: [Synth 8-567] referenced signal 'block_pos_y' should be on the sensitivity list [C:/Users/eugen/OneDrive - National University of Singapore/Y2S2/EE2026/Project/MAD-2026/MouseAudioDisplay.srcs/sources_1/new/Cart/E_OLED_Writer.v:42]
WARNING: [Synth 8-567] referenced signal 'x' should be on the sensitivity list [C:/Users/eugen/OneDrive - National University of Singapore/Y2S2/EE2026/Project/MAD-2026/MouseAudioDisplay.srcs/sources_1/new/Cart/E_OLED_Writer.v:42]
WARNING: [Synth 8-567] referenced signal 'y' should be on the sensitivity list [C:/Users/eugen/OneDrive - National University of Singapore/Y2S2/EE2026/Project/MAD-2026/MouseAudioDisplay.srcs/sources_1/new/Cart/E_OLED_Writer.v:42]
WARNING: [Synth 8-567] referenced signal 'car_x' should be on the sensitivity list [C:/Users/eugen/OneDrive - National University of Singapore/Y2S2/EE2026/Project/MAD-2026/MouseAudioDisplay.srcs/sources_1/new/Cart/E_OLED_Writer.v:42]
WARNING: [Synth 8-567] referenced signal 'car_y' should be on the sensitivity list [C:/Users/eugen/OneDrive - National University of Singapore/Y2S2/EE2026/Project/MAD-2026/MouseAudioDisplay.srcs/sources_1/new/Cart/E_OLED_Writer.v:42]
WARNING: [Synth 8-567] referenced signal 'coin_x' should be on the sensitivity list [C:/Users/eugen/OneDrive - National University of Singapore/Y2S2/EE2026/Project/MAD-2026/MouseAudioDisplay.srcs/sources_1/new/Cart/E_OLED_Writer.v:42]
WARNING: [Synth 8-567] referenced signal 'coin_y' should be on the sensitivity list [C:/Users/eugen/OneDrive - National University of Singapore/Y2S2/EE2026/Project/MAD-2026/MouseAudioDisplay.srcs/sources_1/new/Cart/E_OLED_Writer.v:42]
INFO: [Synth 8-6155] done synthesizing module 'displayOLED' (4#1) [C:/Users/eugen/OneDrive - National University of Singapore/Y2S2/EE2026/Project/MAD-2026/MouseAudioDisplay.srcs/sources_1/new/Cart/E_OLED_Writer.v:23]
WARNING: [Synth 8-689] width (9) of port connection 'block_pos_y' does not match port width (8) of module 'displayOLED' [C:/Users/eugen/OneDrive - National University of Singapore/Y2S2/EE2026/Project/MAD-2026/MouseAudioDisplay.srcs/sources_1/new/Cart/E_CartMaster.v:59]
INFO: [Synth 8-6157] synthesizing module 'ThousandHz' [C:/Users/eugen/OneDrive - National University of Singapore/Y2S2/EE2026/Project/MAD-2026/MouseAudioDisplay.srcs/sources_1/new/Cart/E_thousandHz.v:23]
WARNING: [Synth 8-6090] variable 'counter' is written by both blocking and non-blocking assignments, entire logic could be removed [C:/Users/eugen/OneDrive - National University of Singapore/Y2S2/EE2026/Project/MAD-2026/MouseAudioDisplay.srcs/sources_1/new/Cart/E_thousandHz.v:33]
INFO: [Synth 8-6155] done synthesizing module 'ThousandHz' (5#1) [C:/Users/eugen/OneDrive - National University of Singapore/Y2S2/EE2026/Project/MAD-2026/MouseAudioDisplay.srcs/sources_1/new/Cart/E_thousandHz.v:23]
INFO: [Synth 8-6157] synthesizing module 'car_position' [C:/Users/eugen/OneDrive - National University of Singapore/Y2S2/EE2026/Project/MAD-2026/MouseAudioDisplay.srcs/sources_1/new/Cart/E_car_position.v:23]
INFO: [Synth 8-6157] synthesizing module 'debouncer_button' [C:/Users/eugen/OneDrive - National University of Singapore/Y2S2/EE2026/Project/MAD-2026/MouseAudioDisplay.srcs/sources_1/new/Cart/E_debouncer_button.v:23]
INFO: [Synth 8-6157] synthesizing module 'DFF' [C:/Users/eugen/OneDrive - National University of Singapore/Y2S2/EE2026/Project/MAD-2026/MouseAudioDisplay.srcs/sources_1/new/Cart/E_DFF.v:23]
INFO: [Synth 8-6155] done synthesizing module 'DFF' (6#1) [C:/Users/eugen/OneDrive - National University of Singapore/Y2S2/EE2026/Project/MAD-2026/MouseAudioDisplay.srcs/sources_1/new/Cart/E_DFF.v:23]
INFO: [Synth 8-6155] done synthesizing module 'debouncer_button' (7#1) [C:/Users/eugen/OneDrive - National University of Singapore/Y2S2/EE2026/Project/MAD-2026/MouseAudioDisplay.srcs/sources_1/new/Cart/E_debouncer_button.v:23]
INFO: [Synth 8-6155] done synthesizing module 'car_position' (8#1) [C:/Users/eugen/OneDrive - National University of Singapore/Y2S2/EE2026/Project/MAD-2026/MouseAudioDisplay.srcs/sources_1/new/Cart/E_car_position.v:23]
INFO: [Synth 8-6157] synthesizing module 'coins' [C:/Users/eugen/OneDrive - National University of Singapore/Y2S2/EE2026/Project/MAD-2026/MouseAudioDisplay.srcs/sources_1/new/Cart/E_coins.v:23]
INFO: [Synth 8-6155] done synthesizing module 'coins' (9#1) [C:/Users/eugen/OneDrive - National University of Singapore/Y2S2/EE2026/Project/MAD-2026/MouseAudioDisplay.srcs/sources_1/new/Cart/E_coins.v:23]
WARNING: [Synth 8-689] width (3) of port connection 'rand' does not match port width (4) of module 'coins' [C:/Users/eugen/OneDrive - National University of Singapore/Y2S2/EE2026/Project/MAD-2026/MouseAudioDisplay.srcs/sources_1/new/Cart/E_CartMaster.v:62]
INFO: [Synth 8-6157] synthesizing module 'digits_counter' [C:/Users/eugen/OneDrive - National University of Singapore/Y2S2/EE2026/Project/MAD-2026/MouseAudioDisplay.srcs/sources_1/new/Cart/E_Segment_Digits.v:23]
INFO: [Synth 8-6157] synthesizing module 'clk_480hz' [C:/Users/eugen/OneDrive - National University of Singapore/Y2S2/EE2026/Project/MAD-2026/MouseAudioDisplay.srcs/sources_1/new/Cart/E_clk_480hz.v:23]
INFO: [Synth 8-6155] done synthesizing module 'clk_480hz' (10#1) [C:/Users/eugen/OneDrive - National University of Singapore/Y2S2/EE2026/Project/MAD-2026/MouseAudioDisplay.srcs/sources_1/new/Cart/E_clk_480hz.v:23]
INFO: [Synth 8-6157] synthesizing module 'segment_counter' [C:/Users/eugen/OneDrive - National University of Singapore/Y2S2/EE2026/Project/MAD-2026/MouseAudioDisplay.srcs/sources_1/new/Cart/E_segment_counter.v:23]
INFO: [Synth 8-155] case statement is not full and has no default [C:/Users/eugen/OneDrive - National University of Singapore/Y2S2/EE2026/Project/MAD-2026/MouseAudioDisplay.srcs/sources_1/new/Cart/E_segment_counter.v:28]
INFO: [Synth 8-6155] done synthesizing module 'segment_counter' (11#1) [C:/Users/eugen/OneDrive - National University of Singapore/Y2S2/EE2026/Project/MAD-2026/MouseAudioDisplay.srcs/sources_1/new/Cart/E_segment_counter.v:23]
WARNING: [Synth 8-6090] variable 'seg_counter' is written by both blocking and non-blocking assignments, entire logic could be removed [C:/Users/eugen/OneDrive - National University of Singapore/Y2S2/EE2026/Project/MAD-2026/MouseAudioDisplay.srcs/sources_1/new/Cart/E_Segment_Digits.v:57]
INFO: [Synth 8-6155] done synthesizing module 'digits_counter' (12#1) [C:/Users/eugen/OneDrive - National University of Singapore/Y2S2/EE2026/Project/MAD-2026/MouseAudioDisplay.srcs/sources_1/new/Cart/E_Segment_Digits.v:23]
INFO: [Synth 8-6157] synthesizing module 'points_counter' [C:/Users/eugen/OneDrive - National University of Singapore/Y2S2/EE2026/Project/MAD-2026/MouseAudioDisplay.srcs/sources_1/new/Cart/E_points_counter.v:23]
INFO: [Synth 8-6155] done synthesizing module 'points_counter' (13#1) [C:/Users/eugen/OneDrive - National University of Singapore/Y2S2/EE2026/Project/MAD-2026/MouseAudioDisplay.srcs/sources_1/new/Cart/E_points_counter.v:23]
INFO: [Synth 8-6157] synthesizing module 'RNG' [C:/Users/eugen/OneDrive - National University of Singapore/Y2S2/EE2026/Project/MAD-2026/MouseAudioDisplay.srcs/sources_1/new/Cart/E_RNG.v:23]
INFO: [Synth 8-6155] done synthesizing module 'RNG' (14#1) [C:/Users/eugen/OneDrive - National University of Singapore/Y2S2/EE2026/Project/MAD-2026/MouseAudioDisplay.srcs/sources_1/new/Cart/E_RNG.v:23]
INFO: [Synth 8-6155] done synthesizing module 'CartMaster' (15#1) [C:/Users/eugen/OneDrive - National University of Singapore/Y2S2/EE2026/Project/MAD-2026/MouseAudioDisplay.srcs/sources_1/new/Cart/E_CartMaster.v:23]
WARNING: [Synth 8-3331] design points_counter has unconnected port CLOCK
WARNING: [Synth 8-3331] design coins has unconnected port CLOCK
WARNING: [Synth 8-3331] design displayOLED has unconnected port CLOCK
WARNING: [Synth 8-3331] design displayOLED has unconnected port block_pos_x[6]
WARNING: [Synth 8-3331] design displayOLED has unconnected port block_pos_x[5]
WARNING: [Synth 8-3331] design displayOLED has unconnected port block_pos_x[4]
WARNING: [Synth 8-3331] design displayOLED has unconnected port block_pos_x[3]
WARNING: [Synth 8-3331] design displayOLED has unconnected port block_pos_x[2]
WARNING: [Synth 8-3331] design displayOLED has unconnected port block_pos_x[1]
WARNING: [Synth 8-3331] design displayOLED has unconnected port block_pos_x[0]
WARNING: [Synth 8-3331] design blocks_display has unconnected port CLOCK
---------------------------------------------------------------------------------
Finished RTL Elaboration : Time (s): cpu = 00:00:00 ; elapsed = 00:00:02 . Memory (MB): peak = 437.941 ; gain = 153.234
---------------------------------------------------------------------------------

Report Check Netlist: 
+------+------------------+-------+---------+-------+------------------+
|      |Item              |Errors |Warnings |Status |Description       |
+------+------------------+-------+---------+-------+------------------+
|1     |multi_driven_nets |      0|        0|Passed |Multi driven nets |
+------+------------------+-------+---------+-------+------------------+
---------------------------------------------------------------------------------
Start Handling Custom Attributes
---------------------------------------------------------------------------------
---------------------------------------------------------------------------------
Finished Handling Custom Attributes : Time (s): cpu = 00:00:00 ; elapsed = 00:00:02 . Memory (MB): peak = 437.941 ; gain = 153.234
---------------------------------------------------------------------------------
---------------------------------------------------------------------------------
Finished RTL Optimization Phase 1 : Time (s): cpu = 00:00:00 ; elapsed = 00:00:02 . Memory (MB): peak = 437.941 ; gain = 153.234
---------------------------------------------------------------------------------
INFO: [Device 21-403] Loading part xc7a35tcpg236-1
INFO: [Project 1-570] Preparing netlist for logic optimization

Processing XDC Constraints
Initializing timing engine
Parsing XDC File [C:/Users/eugen/OneDrive - National University of Singapore/Y2S2/EE2026/Project/MAD-2026/MouseAudioDisplay.srcs/constrs_1/new/Basys3_Master.xdc]
WARNING: [Vivado 12-584] No ports matched 'sw'. [C:/Users/eugen/OneDrive - National University of Singapore/Y2S2/EE2026/Project/MAD-2026/MouseAudioDisplay.srcs/constrs_1/new/Basys3_Master.xdc:14]
CRITICAL WARNING: [Common 17-55] 'set_property' expects at least one object. [C:/Users/eugen/OneDrive - National University of Singapore/Y2S2/EE2026/Project/MAD-2026/MouseAudioDisplay.srcs/constrs_1/new/Basys3_Master.xdc:14]
Resolution: If [get_<value>] was used to populate the object, check to make sure this command returns at least one valid object.
WARNING: [Vivado 12-584] No ports matched 'sw'. [C:/Users/eugen/OneDrive - National University of Singapore/Y2S2/EE2026/Project/MAD-2026/MouseAudioDisplay.srcs/constrs_1/new/Basys3_Master.xdc:15]
CRITICAL WARNING: [Common 17-55] 'set_property' expects at least one object. [C:/Users/eugen/OneDrive - National University of Singapore/Y2S2/EE2026/Project/MAD-2026/MouseAudioDisplay.srcs/constrs_1/new/Basys3_Master.xdc:15]
Resolution: If [get_<value>] was used to populate the object, check to make sure this command returns at least one valid object.
WARNING: [Vivado 12-584] No ports matched 'sw4'. [C:/Users/eugen/OneDrive - National University of Singapore/Y2S2/EE2026/Project/MAD-2026/MouseAudioDisplay.srcs/constrs_1/new/Basys3_Master.xdc:20]
CRITICAL WARNING: [Common 17-55] 'set_property' expects at least one object. [C:/Users/eugen/OneDrive - National University of Singapore/Y2S2/EE2026/Project/MAD-2026/MouseAudioDisplay.srcs/constrs_1/new/Basys3_Master.xdc:20]
Resolution: If [get_<value>] was used to populate the object, check to make sure this command returns at least one valid object.
WARNING: [Vivado 12-584] No ports matched 'sw4'. [C:/Users/eugen/OneDrive - National University of Singapore/Y2S2/EE2026/Project/MAD-2026/MouseAudioDisplay.srcs/constrs_1/new/Basys3_Master.xdc:21]
CRITICAL WARNING: [Common 17-55] 'set_property' expects at least one object. [C:/Users/eugen/OneDrive - National University of Singapore/Y2S2/EE2026/Project/MAD-2026/MouseAudioDisplay.srcs/constrs_1/new/Basys3_Master.xdc:21]
Resolution: If [get_<value>] was used to populate the object, check to make sure this command returns at least one valid object.
WARNING: [Vivado 12-584] No ports matched 'sw5'. [C:/Users/eugen/OneDrive - National University of Singapore/Y2S2/EE2026/Project/MAD-2026/MouseAudioDisplay.srcs/constrs_1/new/Basys3_Master.xdc:22]
CRITICAL WARNING: [Common 17-55] 'set_property' expects at least one object. [C:/Users/eugen/OneDrive - National University of Singapore/Y2S2/EE2026/Project/MAD-2026/MouseAudioDisplay.srcs/constrs_1/new/Basys3_Master.xdc:22]
Resolution: If [get_<value>] was used to populate the object, check to make sure this command returns at least one valid object.
WARNING: [Vivado 12-584] No ports matched 'sw5'. [C:/Users/eugen/OneDrive - National University of Singapore/Y2S2/EE2026/Project/MAD-2026/MouseAudioDisplay.srcs/constrs_1/new/Basys3_Master.xdc:23]
CRITICAL WARNING: [Common 17-55] 'set_property' expects at least one object. [C:/Users/eugen/OneDrive - National University of Singapore/Y2S2/EE2026/Project/MAD-2026/MouseAudioDisplay.srcs/constrs_1/new/Basys3_Master.xdc:23]
Resolution: If [get_<value>] was used to populate the object, check to make sure this command returns at least one valid object.
WARNING: [Vivado 12-584] No ports matched 'sw6'. [C:/Users/eugen/OneDrive - National University of Singapore/Y2S2/EE2026/Project/MAD-2026/MouseAudioDisplay.srcs/constrs_1/new/Basys3_Master.xdc:24]
CRITICAL WARNING: [Common 17-55] 'set_property' expects at least one object. [C:/Users/eugen/OneDrive - National University of Singapore/Y2S2/EE2026/Project/MAD-2026/MouseAudioDisplay.srcs/constrs_1/new/Basys3_Master.xdc:24]
Resolution: If [get_<value>] was used to populate the object, check to make sure this command returns at least one valid object.
WARNING: [Vivado 12-584] No ports matched 'sw6'. [C:/Users/eugen/OneDrive - National University of Singapore/Y2S2/EE2026/Project/MAD-2026/MouseAudioDisplay.srcs/constrs_1/new/Basys3_Master.xdc:25]
CRITICAL WARNING: [Common 17-55] 'set_property' expects at least one object. [C:/Users/eugen/OneDrive - National University of Singapore/Y2S2/EE2026/Project/MAD-2026/MouseAudioDisplay.srcs/constrs_1/new/Basys3_Master.xdc:25]
Resolution: If [get_<value>] was used to populate the object, check to make sure this command returns at least one valid object.
WARNING: [Vivado 12-584] No ports matched 'led[0]'. [C:/Users/eugen/OneDrive - National University of Singapore/Y2S2/EE2026/Project/MAD-2026/MouseAudioDisplay.srcs/constrs_1/new/Basys3_Master.xdc:47]
CRITICAL WARNING: [Common 17-55] 'set_property' expects at least one object. [C:/Users/eugen/OneDrive - National University of Singapore/Y2S2/EE2026/Project/MAD-2026/MouseAudioDisplay.srcs/constrs_1/new/Basys3_Master.xdc:47]
Resolution: If [get_<value>] was used to populate the object, check to make sure this command returns at least one valid object.
WARNING: [Vivado 12-584] No ports matched 'led[0]'. [C:/Users/eugen/OneDrive - National University of Singapore/Y2S2/EE2026/Project/MAD-2026/MouseAudioDisplay.srcs/constrs_1/new/Basys3_Master.xdc:48]
CRITICAL WARNING: [Common 17-55] 'set_property' expects at least one object. [C:/Users/eugen/OneDrive - National University of Singapore/Y2S2/EE2026/Project/MAD-2026/MouseAudioDisplay.srcs/constrs_1/new/Basys3_Master.xdc:48]
Resolution: If [get_<value>] was used to populate the object, check to make sure this command returns at least one valid object.
WARNING: [Vivado 12-584] No ports matched 'led[1]'. [C:/Users/eugen/OneDrive - National University of Singapore/Y2S2/EE2026/Project/MAD-2026/MouseAudioDisplay.srcs/constrs_1/new/Basys3_Master.xdc:49]
CRITICAL WARNING: [Common 17-55] 'set_property' expects at least one object. [C:/Users/eugen/OneDrive - National University of Singapore/Y2S2/EE2026/Project/MAD-2026/MouseAudioDisplay.srcs/constrs_1/new/Basys3_Master.xdc:49]
Resolution: If [get_<value>] was used to populate the object, check to make sure this command returns at least one valid object.
WARNING: [Vivado 12-584] No ports matched 'led[1]'. [C:/Users/eugen/OneDrive - National University of Singapore/Y2S2/EE2026/Project/MAD-2026/MouseAudioDisplay.srcs/constrs_1/new/Basys3_Master.xdc:50]
CRITICAL WARNING: [Common 17-55] 'set_property' expects at least one object. [C:/Users/eugen/OneDrive - National University of Singapore/Y2S2/EE2026/Project/MAD-2026/MouseAudioDisplay.srcs/constrs_1/new/Basys3_Master.xdc:50]
Resolution: If [get_<value>] was used to populate the object, check to make sure this command returns at least one valid object.
WARNING: [Vivado 12-584] No ports matched 'led[2]'. [C:/Users/eugen/OneDrive - National University of Singapore/Y2S2/EE2026/Project/MAD-2026/MouseAudioDisplay.srcs/constrs_1/new/Basys3_Master.xdc:51]
CRITICAL WARNING: [Common 17-55] 'set_property' expects at least one object. [C:/Users/eugen/OneDrive - National University of Singapore/Y2S2/EE2026/Project/MAD-2026/MouseAudioDisplay.srcs/constrs_1/new/Basys3_Master.xdc:51]
Resolution: If [get_<value>] was used to populate the object, check to make sure this command returns at least one valid object.
WARNING: [Vivado 12-584] No ports matched 'led[2]'. [C:/Users/eugen/OneDrive - National University of Singapore/Y2S2/EE2026/Project/MAD-2026/MouseAudioDisplay.srcs/constrs_1/new/Basys3_Master.xdc:52]
CRITICAL WARNING: [Common 17-55] 'set_property' expects at least one object. [C:/Users/eugen/OneDrive - National University of Singapore/Y2S2/EE2026/Project/MAD-2026/MouseAudioDisplay.srcs/constrs_1/new/Basys3_Master.xdc:52]
Resolution: If [get_<value>] was used to populate the object, check to make sure this command returns at least one valid object.
WARNING: [Vivado 12-584] No ports matched 'led[3]'. [C:/Users/eugen/OneDrive - National University of Singapore/Y2S2/EE2026/Project/MAD-2026/MouseAudioDisplay.srcs/constrs_1/new/Basys3_Master.xdc:53]
CRITICAL WARNING: [Common 17-55] 'set_property' expects at least one object. [C:/Users/eugen/OneDrive - National University of Singapore/Y2S2/EE2026/Project/MAD-2026/MouseAudioDisplay.srcs/constrs_1/new/Basys3_Master.xdc:53]
Resolution: If [get_<value>] was used to populate the object, check to make sure this command returns at least one valid object.
WARNING: [Vivado 12-584] No ports matched 'led[3]'. [C:/Users/eugen/OneDrive - National University of Singapore/Y2S2/EE2026/Project/MAD-2026/MouseAudioDisplay.srcs/constrs_1/new/Basys3_Master.xdc:54]
CRITICAL WARNING: [Common 17-55] 'set_property' expects at least one object. [C:/Users/eugen/OneDrive - National University of Singapore/Y2S2/EE2026/Project/MAD-2026/MouseAudioDisplay.srcs/constrs_1/new/Basys3_Master.xdc:54]
Resolution: If [get_<value>] was used to populate the object, check to make sure this command returns at least one valid object.
WARNING: [Vivado 12-584] No ports matched 'led[4]'. [C:/Users/eugen/OneDrive - National University of Singapore/Y2S2/EE2026/Project/MAD-2026/MouseAudioDisplay.srcs/constrs_1/new/Basys3_Master.xdc:55]
CRITICAL WARNING: [Common 17-55] 'set_property' expects at least one object. [C:/Users/eugen/OneDrive - National University of Singapore/Y2S2/EE2026/Project/MAD-2026/MouseAudioDisplay.srcs/constrs_1/new/Basys3_Master.xdc:55]
Resolution: If [get_<value>] was used to populate the object, check to make sure this command returns at least one valid object.
WARNING: [Vivado 12-584] No ports matched 'led[4]'. [C:/Users/eugen/OneDrive - National University of Singapore/Y2S2/EE2026/Project/MAD-2026/MouseAudioDisplay.srcs/constrs_1/new/Basys3_Master.xdc:56]
CRITICAL WARNING: [Common 17-55] 'set_property' expects at least one object. [C:/Users/eugen/OneDrive - National University of Singapore/Y2S2/EE2026/Project/MAD-2026/MouseAudioDisplay.srcs/constrs_1/new/Basys3_Master.xdc:56]
Resolution: If [get_<value>] was used to populate the object, check to make sure this command returns at least one valid object.
WARNING: [Vivado 12-584] No ports matched 'led[5]'. [C:/Users/eugen/OneDrive - National University of Singapore/Y2S2/EE2026/Project/MAD-2026/MouseAudioDisplay.srcs/constrs_1/new/Basys3_Master.xdc:57]
CRITICAL WARNING: [Common 17-55] 'set_property' expects at least one object. [C:/Users/eugen/OneDrive - National University of Singapore/Y2S2/EE2026/Project/MAD-2026/MouseAudioDisplay.srcs/constrs_1/new/Basys3_Master.xdc:57]
Resolution: If [get_<value>] was used to populate the object, check to make sure this command returns at least one valid object.
WARNING: [Vivado 12-584] No ports matched 'led[5]'. [C:/Users/eugen/OneDrive - National University of Singapore/Y2S2/EE2026/Project/MAD-2026/MouseAudioDisplay.srcs/constrs_1/new/Basys3_Master.xdc:58]
CRITICAL WARNING: [Common 17-55] 'set_property' expects at least one object. [C:/Users/eugen/OneDrive - National University of Singapore/Y2S2/EE2026/Project/MAD-2026/MouseAudioDisplay.srcs/constrs_1/new/Basys3_Master.xdc:58]
Resolution: If [get_<value>] was used to populate the object, check to make sure this command returns at least one valid object.
WARNING: [Vivado 12-584] No ports matched 'led[6]'. [C:/Users/eugen/OneDrive - National University of Singapore/Y2S2/EE2026/Project/MAD-2026/MouseAudioDisplay.srcs/constrs_1/new/Basys3_Master.xdc:59]
CRITICAL WARNING: [Common 17-55] 'set_property' expects at least one object. [C:/Users/eugen/OneDrive - National University of Singapore/Y2S2/EE2026/Project/MAD-2026/MouseAudioDisplay.srcs/constrs_1/new/Basys3_Master.xdc:59]
Resolution: If [get_<value>] was used to populate the object, check to make sure this command returns at least one valid object.
WARNING: [Vivado 12-584] No ports matched 'led[6]'. [C:/Users/eugen/OneDrive - National University of Singapore/Y2S2/EE2026/Project/MAD-2026/MouseAudioDisplay.srcs/constrs_1/new/Basys3_Master.xdc:60]
CRITICAL WARNING: [Common 17-55] 'set_property' expects at least one object. [C:/Users/eugen/OneDrive - National University of Singapore/Y2S2/EE2026/Project/MAD-2026/MouseAudioDisplay.srcs/constrs_1/new/Basys3_Master.xdc:60]
Resolution: If [get_<value>] was used to populate the object, check to make sure this command returns at least one valid object.
WARNING: [Vivado 12-584] No ports matched 'led[7]'. [C:/Users/eugen/OneDrive - National University of Singapore/Y2S2/EE2026/Project/MAD-2026/MouseAudioDisplay.srcs/constrs_1/new/Basys3_Master.xdc:61]
CRITICAL WARNING: [Common 17-55] 'set_property' expects at least one object. [C:/Users/eugen/OneDrive - National University of Singapore/Y2S2/EE2026/Project/MAD-2026/MouseAudioDisplay.srcs/constrs_1/new/Basys3_Master.xdc:61]
Resolution: If [get_<value>] was used to populate the object, check to make sure this command returns at least one valid object.
WARNING: [Vivado 12-584] No ports matched 'led[7]'. [C:/Users/eugen/OneDrive - National University of Singapore/Y2S2/EE2026/Project/MAD-2026/MouseAudioDisplay.srcs/constrs_1/new/Basys3_Master.xdc:62]
CRITICAL WARNING: [Common 17-55] 'set_property' expects at least one object. [C:/Users/eugen/OneDrive - National University of Singapore/Y2S2/EE2026/Project/MAD-2026/MouseAudioDisplay.srcs/constrs_1/new/Basys3_Master.xdc:62]
Resolution: If [get_<value>] was used to populate the object, check to make sure this command returns at least one valid object.
WARNING: [Vivado 12-584] No ports matched 'led[8]'. [C:/Users/eugen/OneDrive - National University of Singapore/Y2S2/EE2026/Project/MAD-2026/MouseAudioDisplay.srcs/constrs_1/new/Basys3_Master.xdc:63]
CRITICAL WARNING: [Common 17-55] 'set_property' expects at least one object. [C:/Users/eugen/OneDrive - National University of Singapore/Y2S2/EE2026/Project/MAD-2026/MouseAudioDisplay.srcs/constrs_1/new/Basys3_Master.xdc:63]
Resolution: If [get_<value>] was used to populate the object, check to make sure this command returns at least one valid object.
WARNING: [Vivado 12-584] No ports matched 'led[8]'. [C:/Users/eugen/OneDrive - National University of Singapore/Y2S2/EE2026/Project/MAD-2026/MouseAudioDisplay.srcs/constrs_1/new/Basys3_Master.xdc:64]
CRITICAL WARNING: [Common 17-55] 'set_property' expects at least one object. [C:/Users/eugen/OneDrive - National University of Singapore/Y2S2/EE2026/Project/MAD-2026/MouseAudioDisplay.srcs/constrs_1/new/Basys3_Master.xdc:64]
Resolution: If [get_<value>] was used to populate the object, check to make sure this command returns at least one valid object.
CRITICAL WARNING: [Designutils 20-1307] Command 'Sch' is not supported in the xdc constraint file. [C:/Users/eugen/OneDrive - National University of Singapore/Y2S2/EE2026/Project/MAD-2026/MouseAudioDisplay.srcs/constrs_1/new/Basys3_Master.xdc:125]
WARNING: [Vivado 12-584] No ports matched 'nSync'. [C:/Users/eugen/OneDrive - National University of Singapore/Y2S2/EE2026/Project/MAD-2026/MouseAudioDisplay.srcs/constrs_1/new/Basys3_Master.xdc:126]
CRITICAL WARNING: [Common 17-55] 'set_property' expects at least one object. [C:/Users/eugen/OneDrive - National University of Singapore/Y2S2/EE2026/Project/MAD-2026/MouseAudioDisplay.srcs/constrs_1/new/Basys3_Master.xdc:126]
Resolution: If [get_<value>] was used to populate the object, check to make sure this command returns at least one valid object.
WARNING: [Vivado 12-584] No ports matched 'nSync'. [C:/Users/eugen/OneDrive - National University of Singapore/Y2S2/EE2026/Project/MAD-2026/MouseAudioDisplay.srcs/constrs_1/new/Basys3_Master.xdc:127]
CRITICAL WARNING: [Common 17-55] 'set_property' expects at least one object. [C:/Users/eugen/OneDrive - National University of Singapore/Y2S2/EE2026/Project/MAD-2026/MouseAudioDisplay.srcs/constrs_1/new/Basys3_Master.xdc:127]
Resolution: If [get_<value>] was used to populate the object, check to make sure this command returns at least one valid object.
CRITICAL WARNING: [Designutils 20-1307] Command 'Sch' is not supported in the xdc constraint file. [C:/Users/eugen/OneDrive - National University of Singapore/Y2S2/EE2026/Project/MAD-2026/MouseAudioDisplay.srcs/constrs_1/new/Basys3_Master.xdc:128]
WARNING: [Vivado 12-584] No ports matched 'D1'. [C:/Users/eugen/OneDrive - National University of Singapore/Y2S2/EE2026/Project/MAD-2026/MouseAudioDisplay.srcs/constrs_1/new/Basys3_Master.xdc:129]
CRITICAL WARNING: [Common 17-55] 'set_property' expects at least one object. [C:/Users/eugen/OneDrive - National University of Singapore/Y2S2/EE2026/Project/MAD-2026/MouseAudioDisplay.srcs/constrs_1/new/Basys3_Master.xdc:129]
Resolution: If [get_<value>] was used to populate the object, check to make sure this command returns at least one valid object.
WARNING: [Vivado 12-584] No ports matched 'D1'. [C:/Users/eugen/OneDrive - National University of Singapore/Y2S2/EE2026/Project/MAD-2026/MouseAudioDisplay.srcs/constrs_1/new/Basys3_Master.xdc:130]
CRITICAL WARNING: [Common 17-55] 'set_property' expects at least one object. [C:/Users/eugen/OneDrive - National University of Singapore/Y2S2/EE2026/Project/MAD-2026/MouseAudioDisplay.srcs/constrs_1/new/Basys3_Master.xdc:130]
Resolution: If [get_<value>] was used to populate the object, check to make sure this command returns at least one valid object.
CRITICAL WARNING: [Designutils 20-1307] Command 'Sch' is not supported in the xdc constraint file. [C:/Users/eugen/OneDrive - National University of Singapore/Y2S2/EE2026/Project/MAD-2026/MouseAudioDisplay.srcs/constrs_1/new/Basys3_Master.xdc:131]
WARNING: [Vivado 12-584] No ports matched 'D2'. [C:/Users/eugen/OneDrive - National University of Singapore/Y2S2/EE2026/Project/MAD-2026/MouseAudioDisplay.srcs/constrs_1/new/Basys3_Master.xdc:132]
CRITICAL WARNING: [Common 17-55] 'set_property' expects at least one object. [C:/Users/eugen/OneDrive - National University of Singapore/Y2S2/EE2026/Project/MAD-2026/MouseAudioDisplay.srcs/constrs_1/new/Basys3_Master.xdc:132]
Resolution: If [get_<value>] was used to populate the object, check to make sure this command returns at least one valid object.
WARNING: [Vivado 12-584] No ports matched 'D2'. [C:/Users/eugen/OneDrive - National University of Singapore/Y2S2/EE2026/Project/MAD-2026/MouseAudioDisplay.srcs/constrs_1/new/Basys3_Master.xdc:133]
CRITICAL WARNING: [Common 17-55] 'set_property' expects at least one object. [C:/Users/eugen/OneDrive - National University of Singapore/Y2S2/EE2026/Project/MAD-2026/MouseAudioDisplay.srcs/constrs_1/new/Basys3_Master.xdc:133]
Resolution: If [get_<value>] was used to populate the object, check to make sure this command returns at least one valid object.
CRITICAL WARNING: [Designutils 20-1307] Command 'Sch' is not supported in the xdc constraint file. [C:/Users/eugen/OneDrive - National University of Singapore/Y2S2/EE2026/Project/MAD-2026/MouseAudioDisplay.srcs/constrs_1/new/Basys3_Master.xdc:134]
WARNING: [Vivado 12-584] No ports matched 'CLK_OUT'. [C:/Users/eugen/OneDrive - National University of Singapore/Y2S2/EE2026/Project/MAD-2026/MouseAudioDisplay.srcs/constrs_1/new/Basys3_Master.xdc:135]
CRITICAL WARNING: [Common 17-55] 'set_property' expects at least one object. [C:/Users/eugen/OneDrive - National University of Singapore/Y2S2/EE2026/Project/MAD-2026/MouseAudioDisplay.srcs/constrs_1/new/Basys3_Master.xdc:135]
Resolution: If [get_<value>] was used to populate the object, check to make sure this command returns at least one valid object.
WARNING: [Vivado 12-584] No ports matched 'CLK_OUT'. [C:/Users/eugen/OneDrive - National University of Singapore/Y2S2/EE2026/Project/MAD-2026/MouseAudioDisplay.srcs/constrs_1/new/Basys3_Master.xdc:136]
CRITICAL WARNING: [Common 17-55] 'set_property' expects at least one object. [C:/Users/eugen/OneDrive - National University of Singapore/Y2S2/EE2026/Project/MAD-2026/MouseAudioDisplay.srcs/constrs_1/new/Basys3_Master.xdc:136]
Resolution: If [get_<value>] was used to populate the object, check to make sure this command returns at least one valid object.
WARNING: [Vivado 12-584] No ports matched 'cs1'. [C:/Users/eugen/OneDrive - National University of Singapore/Y2S2/EE2026/Project/MAD-2026/MouseAudioDisplay.srcs/constrs_1/new/Basys3_Master.xdc:181]
CRITICAL WARNING: [Common 17-55] 'set_property' expects at least one object. [C:/Users/eugen/OneDrive - National University of Singapore/Y2S2/EE2026/Project/MAD-2026/MouseAudioDisplay.srcs/constrs_1/new/Basys3_Master.xdc:181]
Resolution: If [get_<value>] was used to populate the object, check to make sure this command returns at least one valid object.
WARNING: [Vivado 12-584] No ports matched 'cs1'. [C:/Users/eugen/OneDrive - National University of Singapore/Y2S2/EE2026/Project/MAD-2026/MouseAudioDisplay.srcs/constrs_1/new/Basys3_Master.xdc:182]
CRITICAL WARNING: [Common 17-55] 'set_property' expects at least one object. [C:/Users/eugen/OneDrive - National University of Singapore/Y2S2/EE2026/Project/MAD-2026/MouseAudioDisplay.srcs/constrs_1/new/Basys3_Master.xdc:182]
Resolution: If [get_<value>] was used to populate the object, check to make sure this command returns at least one valid object.
WARNING: [Vivado 12-584] No ports matched 'sdin1'. [C:/Users/eugen/OneDrive - National University of Singapore/Y2S2/EE2026/Project/MAD-2026/MouseAudioDisplay.srcs/constrs_1/new/Basys3_Master.xdc:184]
CRITICAL WARNING: [Common 17-55] 'set_property' expects at least one object. [C:/Users/eugen/OneDrive - National University of Singapore/Y2S2/EE2026/Project/MAD-2026/MouseAudioDisplay.srcs/constrs_1/new/Basys3_Master.xdc:184]
Resolution: If [get_<value>] was used to populate the object, check to make sure this command returns at least one valid object.
WARNING: [Vivado 12-584] No ports matched 'sdin1'. [C:/Users/eugen/OneDrive - National University of Singapore/Y2S2/EE2026/Project/MAD-2026/MouseAudioDisplay.srcs/constrs_1/new/Basys3_Master.xdc:185]
CRITICAL WARNING: [Common 17-55] 'set_property' expects at least one object. [C:/Users/eugen/OneDrive - National University of Singapore/Y2S2/EE2026/Project/MAD-2026/MouseAudioDisplay.srcs/constrs_1/new/Basys3_Master.xdc:185]
Resolution: If [get_<value>] was used to populate the object, check to make sure this command returns at least one valid object.
WARNING: [Vivado 12-584] No ports matched 'sclk1'. [C:/Users/eugen/OneDrive - National University of Singapore/Y2S2/EE2026/Project/MAD-2026/MouseAudioDisplay.srcs/constrs_1/new/Basys3_Master.xdc:190]
CRITICAL WARNING: [Common 17-55] 'set_property' expects at least one object. [C:/Users/eugen/OneDrive - National University of Singapore/Y2S2/EE2026/Project/MAD-2026/MouseAudioDisplay.srcs/constrs_1/new/Basys3_Master.xdc:190]
Resolution: If [get_<value>] was used to populate the object, check to make sure this command returns at least one valid object.
WARNING: [Vivado 12-584] No ports matched 'sclk1'. [C:/Users/eugen/OneDrive - National University of Singapore/Y2S2/EE2026/Project/MAD-2026/MouseAudioDisplay.srcs/constrs_1/new/Basys3_Master.xdc:191]
CRITICAL WARNING: [Common 17-55] 'set_property' expects at least one object. [C:/Users/eugen/OneDrive - National University of Singapore/Y2S2/EE2026/Project/MAD-2026/MouseAudioDisplay.srcs/constrs_1/new/Basys3_Master.xdc:191]
Resolution: If [get_<value>] was used to populate the object, check to make sure this command returns at least one valid object.
WARNING: [Vivado 12-584] No ports matched 'd_cn1'. [C:/Users/eugen/OneDrive - National University of Singapore/Y2S2/EE2026/Project/MAD-2026/MouseAudioDisplay.srcs/constrs_1/new/Basys3_Master.xdc:193]
CRITICAL WARNING: [Common 17-55] 'set_property' expects at least one object. [C:/Users/eugen/OneDrive - National University of Singapore/Y2S2/EE2026/Project/MAD-2026/MouseAudioDisplay.srcs/constrs_1/new/Basys3_Master.xdc:193]
Resolution: If [get_<value>] was used to populate the object, check to make sure this command returns at least one valid object.
WARNING: [Vivado 12-584] No ports matched 'd_cn1'. [C:/Users/eugen/OneDrive - National University of Singapore/Y2S2/EE2026/Project/MAD-2026/MouseAudioDisplay.srcs/constrs_1/new/Basys3_Master.xdc:194]
CRITICAL WARNING: [Common 17-55] 'set_property' expects at least one object. [C:/Users/eugen/OneDrive - National University of Singapore/Y2S2/EE2026/Project/MAD-2026/MouseAudioDisplay.srcs/constrs_1/new/Basys3_Master.xdc:194]
Resolution: If [get_<value>] was used to populate the object, check to make sure this command returns at least one valid object.
WARNING: [Vivado 12-584] No ports matched 'resn1'. [C:/Users/eugen/OneDrive - National University of Singapore/Y2S2/EE2026/Project/MAD-2026/MouseAudioDisplay.srcs/constrs_1/new/Basys3_Master.xdc:196]
CRITICAL WARNING: [Common 17-55] 'set_property' expects at least one object. [C:/Users/eugen/OneDrive - National University of Singapore/Y2S2/EE2026/Project/MAD-2026/MouseAudioDisplay.srcs/constrs_1/new/Basys3_Master.xdc:196]
Resolution: If [get_<value>] was used to populate the object, check to make sure this command returns at least one valid object.
WARNING: [Vivado 12-584] No ports matched 'resn1'. [C:/Users/eugen/OneDrive - National University of Singapore/Y2S2/EE2026/Project/MAD-2026/MouseAudioDisplay.srcs/constrs_1/new/Basys3_Master.xdc:197]
CRITICAL WARNING: [Common 17-55] 'set_property' expects at least one object. [C:/Users/eugen/OneDrive - National University of Singapore/Y2S2/EE2026/Project/MAD-2026/MouseAudioDisplay.srcs/constrs_1/new/Basys3_Master.xdc:197]
Resolution: If [get_<value>] was used to populate the object, check to make sure this command returns at least one valid object.
WARNING: [Vivado 12-584] No ports matched 'vccen1'. [C:/Users/eugen/OneDrive - National University of Singapore/Y2S2/EE2026/Project/MAD-2026/MouseAudioDisplay.srcs/constrs_1/new/Basys3_Master.xdc:199]
CRITICAL WARNING: [Common 17-55] 'set_property' expects at least one object. [C:/Users/eugen/OneDrive - National University of Singapore/Y2S2/EE2026/Project/MAD-2026/MouseAudioDisplay.srcs/constrs_1/new/Basys3_Master.xdc:199]
Resolution: If [get_<value>] was used to populate the object, check to make sure this command returns at least one valid object.
WARNING: [Vivado 12-584] No ports matched 'vccen1'. [C:/Users/eugen/OneDrive - National University of Singapore/Y2S2/EE2026/Project/MAD-2026/MouseAudioDisplay.srcs/constrs_1/new/Basys3_Master.xdc:200]
CRITICAL WARNING: [Common 17-55] 'set_property' expects at least one object. [C:/Users/eugen/OneDrive - National University of Singapore/Y2S2/EE2026/Project/MAD-2026/MouseAudioDisplay.srcs/constrs_1/new/Basys3_Master.xdc:200]
Resolution: If [get_<value>] was used to populate the object, check to make sure this command returns at least one valid object.
WARNING: [Vivado 12-584] No ports matched 'pmoden1'. [C:/Users/eugen/OneDrive - National University of Singapore/Y2S2/EE2026/Project/MAD-2026/MouseAudioDisplay.srcs/constrs_1/new/Basys3_Master.xdc:202]
CRITICAL WARNING: [Common 17-55] 'set_property' expects at least one object. [C:/Users/eugen/OneDrive - National University of Singapore/Y2S2/EE2026/Project/MAD-2026/MouseAudioDisplay.srcs/constrs_1/new/Basys3_Master.xdc:202]
Resolution: If [get_<value>] was used to populate the object, check to make sure this command returns at least one valid object.
WARNING: [Vivado 12-584] No ports matched 'pmoden1'. [C:/Users/eugen/OneDrive - National University of Singapore/Y2S2/EE2026/Project/MAD-2026/MouseAudioDisplay.srcs/constrs_1/new/Basys3_Master.xdc:203]
CRITICAL WARNING: [Common 17-55] 'set_property' expects at least one object. [C:/Users/eugen/OneDrive - National University of Singapore/Y2S2/EE2026/Project/MAD-2026/MouseAudioDisplay.srcs/constrs_1/new/Basys3_Master.xdc:203]
Resolution: If [get_<value>] was used to populate the object, check to make sure this command returns at least one valid object.
WARNING: [Vivado 12-584] No ports matched 'J_MIC_Pin1'. [C:/Users/eugen/OneDrive - National University of Singapore/Y2S2/EE2026/Project/MAD-2026/MouseAudioDisplay.srcs/constrs_1/new/Basys3_Master.xdc:208]
CRITICAL WARNING: [Common 17-55] 'set_property' expects at least one object. [C:/Users/eugen/OneDrive - National University of Singapore/Y2S2/EE2026/Project/MAD-2026/MouseAudioDisplay.srcs/constrs_1/new/Basys3_Master.xdc:208]
Resolution: If [get_<value>] was used to populate the object, check to make sure this command returns at least one valid object.
WARNING: [Vivado 12-584] No ports matched 'J_MIC_Pin1'. [C:/Users/eugen/OneDrive - National University of Singapore/Y2S2/EE2026/Project/MAD-2026/MouseAudioDisplay.srcs/constrs_1/new/Basys3_Master.xdc:209]
CRITICAL WARNING: [Common 17-55] 'set_property' expects at least one object. [C:/Users/eugen/OneDrive - National University of Singapore/Y2S2/EE2026/Project/MAD-2026/MouseAudioDisplay.srcs/constrs_1/new/Basys3_Master.xdc:209]
Resolution: If [get_<value>] was used to populate the object, check to make sure this command returns at least one valid object.
WARNING: [Vivado 12-584] No ports matched 'J_MIC_Pin3'. [C:/Users/eugen/OneDrive - National University of Singapore/Y2S2/EE2026/Project/MAD-2026/MouseAudioDisplay.srcs/constrs_1/new/Basys3_Master.xdc:214]
CRITICAL WARNING: [Common 17-55] 'set_property' expects at least one object. [C:/Users/eugen/OneDrive - National University of Singapore/Y2S2/EE2026/Project/MAD-2026/MouseAudioDisplay.srcs/constrs_1/new/Basys3_Master.xdc:214]
Resolution: If [get_<value>] was used to populate the object, check to make sure this command returns at least one valid object.
WARNING: [Vivado 12-584] No ports matched 'J_MIC_Pin3'. [C:/Users/eugen/OneDrive - National University of Singapore/Y2S2/EE2026/Project/MAD-2026/MouseAudioDisplay.srcs/constrs_1/new/Basys3_Master.xdc:215]
CRITICAL WARNING: [Common 17-55] 'set_property' expects at least one object. [C:/Users/eugen/OneDrive - National University of Singapore/Y2S2/EE2026/Project/MAD-2026/MouseAudioDisplay.srcs/constrs_1/new/Basys3_Master.xdc:215]
Resolution: If [get_<value>] was used to populate the object, check to make sure this command returns at least one valid object.
WARNING: [Vivado 12-584] No ports matched 'J_MIC_Pin4'. [C:/Users/eugen/OneDrive - National University of Singapore/Y2S2/EE2026/Project/MAD-2026/MouseAudioDisplay.srcs/constrs_1/new/Basys3_Master.xdc:217]
CRITICAL WARNING: [Common 17-55] 'set_property' expects at least one object. [C:/Users/eugen/OneDrive - National University of Singapore/Y2S2/EE2026/Project/MAD-2026/MouseAudioDisplay.srcs/constrs_1/new/Basys3_Master.xdc:217]
Resolution: If [get_<value>] was used to populate the object, check to make sure this command returns at least one valid object.
WARNING: [Vivado 12-584] No ports matched 'J_MIC_Pin4'. [C:/Users/eugen/OneDrive - National University of Singapore/Y2S2/EE2026/Project/MAD-2026/MouseAudioDisplay.srcs/constrs_1/new/Basys3_Master.xdc:218]
CRITICAL WARNING: [Common 17-55] 'set_property' expects at least one object. [C:/Users/eugen/OneDrive - National University of Singapore/Y2S2/EE2026/Project/MAD-2026/MouseAudioDisplay.srcs/constrs_1/new/Basys3_Master.xdc:218]
Resolution: If [get_<value>] was used to populate the object, check to make sure this command returns at least one valid object.
WARNING: [Vivado 12-584] No ports matched 'PS2Clk'. [C:/Users/eugen/OneDrive - National University of Singapore/Y2S2/EE2026/Project/MAD-2026/MouseAudioDisplay.srcs/constrs_1/new/Basys3_Master.xdc:273]
CRITICAL WARNING: [Common 17-55] 'set_property' expects at least one object. [C:/Users/eugen/OneDrive - National University of Singapore/Y2S2/EE2026/Project/MAD-2026/MouseAudioDisplay.srcs/constrs_1/new/Basys3_Master.xdc:273]
Resolution: If [get_<value>] was used to populate the object, check to make sure this command returns at least one valid object.
WARNING: [Vivado 12-584] No ports matched 'PS2Clk'. [C:/Users/eugen/OneDrive - National University of Singapore/Y2S2/EE2026/Project/MAD-2026/MouseAudioDisplay.srcs/constrs_1/new/Basys3_Master.xdc:274]
CRITICAL WARNING: [Common 17-55] 'set_property' expects at least one object. [C:/Users/eugen/OneDrive - National University of Singapore/Y2S2/EE2026/Project/MAD-2026/MouseAudioDisplay.srcs/constrs_1/new/Basys3_Master.xdc:274]
Resolution: If [get_<value>] was used to populate the object, check to make sure this command returns at least one valid object.
WARNING: [Vivado 12-584] No ports matched 'PS2Clk'. [C:/Users/eugen/OneDrive - National University of Singapore/Y2S2/EE2026/Project/MAD-2026/MouseAudioDisplay.srcs/constrs_1/new/Basys3_Master.xdc:275]
CRITICAL WARNING: [Common 17-55] 'set_property' expects at least one object. [C:/Users/eugen/OneDrive - National University of Singapore/Y2S2/EE2026/Project/MAD-2026/MouseAudioDisplay.srcs/constrs_1/new/Basys3_Master.xdc:275]
Resolution: If [get_<value>] was used to populate the object, check to make sure this command returns at least one valid object.
WARNING: [Vivado 12-584] No ports matched 'PS2Data'. [C:/Users/eugen/OneDrive - National University of Singapore/Y2S2/EE2026/Project/MAD-2026/MouseAudioDisplay.srcs/constrs_1/new/Basys3_Master.xdc:276]
CRITICAL WARNING: [Common 17-55] 'set_property' expects at least one object. [C:/Users/eugen/OneDrive - National University of Singapore/Y2S2/EE2026/Project/MAD-2026/MouseAudioDisplay.srcs/constrs_1/new/Basys3_Master.xdc:276]
Resolution: If [get_<value>] was used to populate the object, check to make sure this command returns at least one valid object.
WARNING: [Vivado 12-584] No ports matched 'PS2Data'. [C:/Users/eugen/OneDrive - National University of Singapore/Y2S2/EE2026/Project/MAD-2026/MouseAudioDisplay.srcs/constrs_1/new/Basys3_Master.xdc:277]
CRITICAL WARNING: [Common 17-55] 'set_property' expects at least one object. [C:/Users/eugen/OneDrive - National University of Singapore/Y2S2/EE2026/Project/MAD-2026/MouseAudioDisplay.srcs/constrs_1/new/Basys3_Master.xdc:277]
Resolution: If [get_<value>] was used to populate the object, check to make sure this command returns at least one valid object.
WARNING: [Vivado 12-584] No ports matched 'PS2Data'. [C:/Users/eugen/OneDrive - National University of Singapore/Y2S2/EE2026/Project/MAD-2026/MouseAudioDisplay.srcs/constrs_1/new/Basys3_Master.xdc:278]
CRITICAL WARNING: [Common 17-55] 'set_property' expects at least one object. [C:/Users/eugen/OneDrive - National University of Singapore/Y2S2/EE2026/Project/MAD-2026/MouseAudioDisplay.srcs/constrs_1/new/Basys3_Master.xdc:278]
Resolution: If [get_<value>] was used to populate the object, check to make sure this command returns at least one valid object.
Finished Parsing XDC File [C:/Users/eugen/OneDrive - National University of Singapore/Y2S2/EE2026/Project/MAD-2026/MouseAudioDisplay.srcs/constrs_1/new/Basys3_Master.xdc]
INFO: [Project 1-236] Implementation specific constraints were found while reading constraint file [C:/Users/eugen/OneDrive - National University of Singapore/Y2S2/EE2026/Project/MAD-2026/MouseAudioDisplay.srcs/constrs_1/new/Basys3_Master.xdc]. These constraints will be ignored for synthesis but will be used in implementation. Impacted constraints are listed in the file [.Xil/CartMaster_propImpl.xdc].
Resolution: To avoid this warning, move constraints listed in [.Xil/CartMaster_propImpl.xdc] to another XDC file and exclude this new file from synthesis with the used_in_synthesis property (File Properties dialog in GUI) and re-run elaboration/synthesis.
Completed Processing XDC Constraints

INFO: [Project 1-111] Unisim Transformation Summary:
No Unisim elements were transformed.

Constraint Validation Runtime : Time (s): cpu = 00:00:00 ; elapsed = 00:00:00.002 . Memory (MB): peak = 765.797 ; gain = 0.000
---------------------------------------------------------------------------------
Finished Constraint Validation : Time (s): cpu = 00:00:03 ; elapsed = 00:00:07 . Memory (MB): peak = 765.797 ; gain = 481.090
---------------------------------------------------------------------------------
---------------------------------------------------------------------------------
Start Loading Part and Timing Information
---------------------------------------------------------------------------------
Loading part: xc7a35tcpg236-1
---------------------------------------------------------------------------------
Finished Loading Part and Timing Information : Time (s): cpu = 00:00:03 ; elapsed = 00:00:07 . Memory (MB): peak = 765.797 ; gain = 481.090
---------------------------------------------------------------------------------
---------------------------------------------------------------------------------
Start Applying 'set_property' XDC Constraints
---------------------------------------------------------------------------------
---------------------------------------------------------------------------------
Finished applying 'set_property' XDC Constraints : Time (s): cpu = 00:00:03 ; elapsed = 00:00:07 . Memory (MB): peak = 765.797 ; gain = 481.090
---------------------------------------------------------------------------------
INFO: [Synth 8-5546] ROM "clk_625mhz" won't be mapped to RAM because it is too sparse
INFO: [Synth 8-802] inferred FSM for state register 'state_reg' in module 'Oled_Display'
INFO: [Synth 8-5546] ROM "fsm_next_state0" won't be mapped to RAM because it is too sparse
INFO: [Synth 8-5544] ROM "fsm_next_state0" won't be mapped to Block RAM because address size (1) smaller than threshold (5)
INFO: [Synth 8-5546] ROM "fsm_next_state0" won't be mapped to RAM because it is too sparse
INFO: [Synth 8-5545] ROM "new_clock0" won't be mapped to RAM because address size (33) is larger than maximum supported(25)
INFO: [Synth 8-5818] HDL ADVISOR - The operator resource <adder> is shared. To prevent sharing consider applying a KEEP on the output of the operator [C:/Users/eugen/OneDrive - National University of Singapore/Y2S2/EE2026/Project/MAD-2026/MouseAudioDisplay.srcs/sources_1/new/Cart/E_car_position.v:45]
---------------------------------------------------------------------------------------------------
                   State |                     New Encoding |                Previous Encoding 
---------------------------------------------------------------------------------------------------
                 PowerUp | 00000000100000000000000000000000 |                            00000
                   Reset | 00000000000100000000000000000000 |                            00001
            ReleaseReset | 00000000000000000000100000000000 |                            00011
            EnableDriver | 00000000000000000001000000000000 |                            00010
              DisplayOff | 00000000000000000100000000000000 |                            00110
   SetRemapDisplayFormat | 00000100000000000000000000000000 |                            00111
            SetStartLine | 00001000000000000000000000000000 |                            00101
               SetOffset | 10000000000000000000000000000000 |                            00100
        SetNormalDisplay | 00000000000000000000000010000000 |                            01100
       SetMultiplexRatio | 00000000000000000000000000100000 |                            01101
  SetMasterConfiguration | 00000000000000000000000001000000 |                            01111
        DisablePowerSave | 00000000000000000000000000000100 |                            01110
          SetPhaseAdjust | 00000000000000000000000000001000 |                            01010
         SetDisplayClock | 00000000001000000000000000000000 |                            01011
     SetSecondPrechargeA | 00000000010000000000000000000000 |                            01001
     SetSecondPrechargeB | 01000000000000000000000000000000 |                            01000
     SetSecondPrechargeC | 00000010000000000000000000000000 |                            11000
       SetPrechargeLevel | 00000001000000000000000000000000 |                            11001
                SetVCOMH | 00000000000000010000000000000000 |                            11011
        SetMasterCurrent | 00000000000000100000000000000000 |                            11010
            SetContrastA | 00000000000001000000000000000000 |                            11110
            SetContrastB | 00100000000000000000000000000000 |                            11111
            SetContrastC | 00000000000000000000000000000001 |                            11101
        DisableScrolling | 00000000000000000000000000000010 |                            11100
             ClearScreen | 00000000000000000000000000010000 |                            10100
                   VccEn | 00010000000000000000000000000000 |                            10101
               DisplayOn | 00000000000010000000000000000000 |                            10111
        PrepareNextFrame | 00000000000000001000000000000000 |                            10110
           SetColAddress | 00000000000000000000010000000000 |                            10010
           SetRowAddress | 00000000000000000000000100000000 |                            10011
           WaitNextFrame | 00000000000000000000001000000000 |                            10001
               SendPixel | 00000000000000000010000000000000 |                            10000
---------------------------------------------------------------------------------------------------
INFO: [Synth 8-3354] encoded FSM with state register 'state_reg' using encoding 'one-hot' in module 'Oled_Display'
WARNING: [Synth 8-327] inferring latch for variable 'seg_reg' [C:/Users/eugen/OneDrive - National University of Singapore/Y2S2/EE2026/Project/MAD-2026/MouseAudioDisplay.srcs/sources_1/new/Cart/E_segment_counter.v:30]
---------------------------------------------------------------------------------
Finished RTL Optimization Phase 2 : Time (s): cpu = 00:00:03 ; elapsed = 00:00:08 . Memory (MB): peak = 765.797 ; gain = 481.090
---------------------------------------------------------------------------------

Report RTL Partitions: 
+-+--------------+------------+----------+
| |RTL Partition |Replication |Instances |
+-+--------------+------------+----------+
+-+--------------+------------+----------+
---------------------------------------------------------------------------------
Start RTL Component Statistics 
---------------------------------------------------------------------------------
Detailed RTL Component Info : 
+---Adders : 
	   3 Input     33 Bit       Adders := 1     
	   2 Input     33 Bit       Adders := 1     
	   2 Input     32 Bit       Adders := 1     
	   2 Input     17 Bit       Adders := 1     
	   2 Input     10 Bit       Adders := 1     
	   2 Input      9 Bit       Adders := 3     
	   2 Input      8 Bit       Adders := 7     
	   2 Input      7 Bit       Adders := 3     
	   2 Input      6 Bit       Adders := 2     
	   2 Input      5 Bit       Adders := 1     
	   2 Input      3 Bit       Adders := 1     
+---Registers : 
	               40 Bit    Registers := 1     
	               33 Bit    Registers := 1     
	               26 Bit    Registers := 1     
	               17 Bit    Registers := 1     
	               16 Bit    Registers := 1     
	                9 Bit    Registers := 1     
	                7 Bit    Registers := 5     
	                6 Bit    Registers := 1     
	                5 Bit    Registers := 1     
	                4 Bit    Registers := 3     
	                3 Bit    Registers := 1     
	                1 Bit    Registers := 16    
+---Muxes : 
	   2 Input     40 Bit        Muxes := 3     
	  32 Input     32 Bit        Muxes := 1     
	   2 Input     32 Bit        Muxes := 2     
	  32 Input     20 Bit        Muxes := 1     
	   2 Input     17 Bit        Muxes := 1     
	   6 Input     16 Bit        Muxes := 1     
	   2 Input     16 Bit        Muxes := 3     
	   2 Input      7 Bit        Muxes := 1     
	  32 Input      6 Bit        Muxes := 1     
	   2 Input      6 Bit        Muxes := 1     
	   2 Input      5 Bit        Muxes := 3     
	  32 Input      5 Bit        Muxes := 1     
	   2 Input      4 Bit        Muxes := 1     
	   4 Input      4 Bit        Muxes := 2     
	   2 Input      3 Bit        Muxes := 1     
	   4 Input      3 Bit        Muxes := 2     
	   2 Input      1 Bit        Muxes := 7     
	  11 Input      1 Bit        Muxes := 1     
	   4 Input      1 Bit        Muxes := 1     
---------------------------------------------------------------------------------
Finished RTL Component Statistics 
---------------------------------------------------------------------------------
---------------------------------------------------------------------------------
Start RTL Hierarchical Component Statistics 
---------------------------------------------------------------------------------
Hierarchical RTL Component report 
Module CartMaster 
Detailed RTL Component Info : 
+---Registers : 
	               26 Bit    Registers := 1     
	               16 Bit    Registers := 1     
Module clocks 
Detailed RTL Component Info : 
+---Adders : 
	   2 Input      5 Bit       Adders := 1     
+---Registers : 
	                5 Bit    Registers := 1     
	                1 Bit    Registers := 2     
+---Muxes : 
	   2 Input      5 Bit        Muxes := 1     
	   2 Input      1 Bit        Muxes := 1     
Module Oled_Display 
Detailed RTL Component Info : 
+---Adders : 
	   2 Input     17 Bit       Adders := 1     
	   2 Input      6 Bit       Adders := 1     
+---Registers : 
	               40 Bit    Registers := 1     
	               17 Bit    Registers := 1     
	                6 Bit    Registers := 1     
+---Muxes : 
	   2 Input     40 Bit        Muxes := 3     
	  32 Input     32 Bit        Muxes := 1     
	   2 Input     32 Bit        Muxes := 2     
	  32 Input     20 Bit        Muxes := 1     
	   2 Input     17 Bit        Muxes := 1     
	  32 Input      6 Bit        Muxes := 1     
	   2 Input      6 Bit        Muxes := 1     
	   2 Input      5 Bit        Muxes := 2     
	  32 Input      5 Bit        Muxes := 1     
	   2 Input      1 Bit        Muxes := 2     
Module blocks_display 
Detailed RTL Component Info : 
+---Adders : 
	   2 Input      9 Bit       Adders := 1     
+---Registers : 
	                9 Bit    Registers := 1     
Module displayOLED 
Detailed RTL Component Info : 
+---Adders : 
	   3 Input     33 Bit       Adders := 1     
	   2 Input     32 Bit       Adders := 1     
	   2 Input     10 Bit       Adders := 1     
	   2 Input      9 Bit       Adders := 2     
	   2 Input      8 Bit       Adders := 5     
+---Muxes : 
	   6 Input     16 Bit        Muxes := 1     
	   2 Input     16 Bit        Muxes := 3     
Module ThousandHz 
Detailed RTL Component Info : 
+---Adders : 
	   2 Input     33 Bit       Adders := 1     
+---Registers : 
	               33 Bit    Registers := 1     
	                1 Bit    Registers := 1     
Module DFF 
Detailed RTL Component Info : 
+---Registers : 
	                1 Bit    Registers := 1     
Module car_position 
Detailed RTL Component Info : 
+---Adders : 
	   2 Input      7 Bit       Adders := 2     
	   2 Input      6 Bit       Adders := 1     
+---Registers : 
	                7 Bit    Registers := 2     
+---Muxes : 
	   2 Input      7 Bit        Muxes := 1     
	   2 Input      1 Bit        Muxes := 2     
Module coins 
Detailed RTL Component Info : 
+---Adders : 
	   2 Input      7 Bit       Adders := 1     
+---Registers : 
	                7 Bit    Registers := 2     
	                4 Bit    Registers := 1     
+---Muxes : 
	   2 Input      1 Bit        Muxes := 1     
Module clk_480hz 
Detailed RTL Component Info : 
+---Registers : 
	                1 Bit    Registers := 1     
Module segment_counter 
Detailed RTL Component Info : 
+---Muxes : 
	  11 Input      1 Bit        Muxes := 1     
Module digits_counter 
Detailed RTL Component Info : 
+---Adders : 
	   2 Input      3 Bit       Adders := 1     
+---Registers : 
	                7 Bit    Registers := 1     
	                4 Bit    Registers := 2     
	                3 Bit    Registers := 1     
+---Muxes : 
	   2 Input      4 Bit        Muxes := 1     
	   4 Input      4 Bit        Muxes := 2     
	   2 Input      3 Bit        Muxes := 1     
	   4 Input      3 Bit        Muxes := 1     
	   2 Input      1 Bit        Muxes := 1     
	   4 Input      1 Bit        Muxes := 1     
Module points_counter 
Detailed RTL Component Info : 
+---Adders : 
	   2 Input      8 Bit       Adders := 2     
Module RNG 
Detailed RTL Component Info : 
+---Muxes : 
	   4 Input      3 Bit        Muxes := 1     
---------------------------------------------------------------------------------
Finished RTL Hierarchical Component Statistics
---------------------------------------------------------------------------------
---------------------------------------------------------------------------------
Start Part Resource Summary
---------------------------------------------------------------------------------
Part Resources:
DSPs: 90 (col length:60)
BRAMs: 100 (col length: RAMB18 60 RAMB36 30)
---------------------------------------------------------------------------------
Finished Part Resource Summary
---------------------------------------------------------------------------------
---------------------------------------------------------------------------------
Start Cross Boundary and Area Optimization
---------------------------------------------------------------------------------
Warning: Parallel synthesis criteria is not met 
INFO: [Synth 8-5546] ROM "fsm_next_state0" won't be mapped to RAM because it is too sparse
INFO: [Synth 8-5546] ROM "fsm_next_state0" won't be mapped to RAM because it is too sparse
INFO: [Synth 8-5545] ROM "new_clock0" won't be mapped to RAM because address size (33) is larger than maximum supported(25)
WARNING: [Synth 8-3331] design points_counter has unconnected port CLOCK
WARNING: [Synth 8-3331] design displayOLED has unconnected port CLOCK
WARNING: [Synth 8-3331] design displayOLED has unconnected port block_pos_x[6]
WARNING: [Synth 8-3331] design displayOLED has unconnected port block_pos_x[5]
WARNING: [Synth 8-3331] design displayOLED has unconnected port block_pos_x[4]
WARNING: [Synth 8-3331] design displayOLED has unconnected port block_pos_x[3]
WARNING: [Synth 8-3331] design displayOLED has unconnected port block_pos_x[2]
WARNING: [Synth 8-3331] design displayOLED has unconnected port block_pos_x[1]
WARNING: [Synth 8-3331] design displayOLED has unconnected port block_pos_x[0]
INFO: [Synth 8-3886] merging instance 'oled_data_reg[0]' (FD) to 'oled_data_reg[1]'
INFO: [Synth 8-3886] merging instance 'oled_data_reg[1]' (FD) to 'oled_data_reg[2]'
INFO: [Synth 8-3886] merging instance 'oled_data_reg[3]' (FD) to 'oled_data_reg[4]'
INFO: [Synth 8-3886] merging instance 'oled_data_reg[5]' (FD) to 'oled_data_reg[7]'
INFO: [Synth 8-3886] merging instance 'oled_data_reg[6]' (FD) to 'oled_data_reg[8]'
INFO: [Synth 8-3886] merging instance 'oled_data_reg[9]' (FD) to 'oled_data_reg[10]'
INFO: [Synth 8-3886] merging instance 'oled_data_reg[11]' (FD) to 'oled_data_reg[12]'
INFO: [Synth 8-3886] merging instance 'counter_reg[0]' (FDS) to 'counter_reg[1]'
INFO: [Synth 8-3886] merging instance 'counter_reg[1]' (FDS) to 'counter_reg[2]'
INFO: [Synth 8-3886] merging instance 'counter_reg[2]' (FDS) to 'counter_reg[3]'
INFO: [Synth 8-3886] merging instance 'oled_data_reg[12]' (FD) to 'oled_data_reg[13]'
INFO: [Synth 8-3886] merging instance 'counter_reg[3]' (FDS) to 'counter_reg[4]'
INFO: [Synth 8-3886] merging instance 'counter_reg[4]' (FDS) to 'counter_reg[8]'
INFO: [Synth 8-3886] merging instance 'counter_reg[5]' (FDS) to 'counter_reg[22]'
INFO: [Synth 8-3886] merging instance 'counter_reg[6]' (FDR) to 'counter_reg[12]'
INFO: [Synth 8-3886] merging instance 'counter_reg[7]' (FDR) to 'counter_reg[21]'
INFO: [Synth 8-3886] merging instance 'counter_reg[8]' (FDS) to 'counter_reg[18]'
INFO: [Synth 8-3886] merging instance 'counter_reg[9]' (FDS) to 'counter_reg[22]'
INFO: [Synth 8-3886] merging instance 'counter_reg[10]' (FDR) to 'counter_reg[21]'
INFO: [Synth 8-3886] merging instance 'counter_reg[11]' (FDS) to 'counter_reg[22]'
INFO: [Synth 8-3886] merging instance 'counter_reg[12]' (FDR) to 'counter_reg[15]'
INFO: [Synth 8-3886] merging instance 'counter_reg[13]' (FDR) to 'counter_reg[21]'
INFO: [Synth 8-3886] merging instance 'counter_reg[14]' (FDS) to 'counter_reg[22]'
INFO: [Synth 8-3886] merging instance 'counter_reg[15]' (FDR) to 'counter_reg[16]'
INFO: [Synth 8-3886] merging instance 'counter_reg[16]' (FDR) to 'counter_reg[20]'
INFO: [Synth 8-3886] merging instance 'counter_reg[17]' (FDR) to 'counter_reg[21]'
INFO: [Synth 8-3333] propagating constant 1 across sequential element (\counter_reg[18] )
INFO: [Synth 8-3886] merging instance 'counter_reg[19]' (FDS) to 'counter_reg[22]'
INFO: [Synth 8-3886] merging instance 'counter_reg[20]' (FDR) to 'counter_reg[23]'
INFO: [Synth 8-3886] merging instance 'counter_reg[23]' (FDR) to 'counter_reg[24]'
INFO: [Synth 8-3886] merging instance 'counter_reg[24]' (FDR) to 'counter_reg[25]'
INFO: [Synth 8-3333] propagating constant 0 across sequential element (\counter_reg[25] )
INFO: [Synth 8-3886] merging instance 'oled_data_reg[14]' (FD) to 'oled_data_reg[15]'
WARNING: [Synth 8-3332] Sequential element (counter_reg[25]) is unused and will be removed from module CartMaster.
WARNING: [Synth 8-3332] Sequential element (counter_reg[18]) is unused and will be removed from module CartMaster.
INFO: [Synth 8-3886] merging instance 'KHz/counter_reg[31]' (FD) to 'KHz/counter_reg[32]'
INFO: [Synth 8-3886] merging instance 'KHz/counter_reg[32]' (FD) to 'KHz/counter_reg[30]'
INFO: [Synth 8-3886] merging instance 'KHz/counter_reg[17]' (FD) to 'KHz/counter_reg[30]'
INFO: [Synth 8-3886] merging instance 'KHz/counter_reg[18]' (FD) to 'KHz/counter_reg[30]'
INFO: [Synth 8-3886] merging instance 'KHz/counter_reg[19]' (FD) to 'KHz/counter_reg[30]'
INFO: [Synth 8-3886] merging instance 'KHz/counter_reg[20]' (FD) to 'KHz/counter_reg[30]'
INFO: [Synth 8-3886] merging instance 'KHz/counter_reg[21]' (FD) to 'KHz/counter_reg[30]'
INFO: [Synth 8-3886] merging instance 'KHz/counter_reg[22]' (FD) to 'KHz/counter_reg[30]'
INFO: [Synth 8-3886] merging instance 'KHz/counter_reg[23]' (FD) to 'KHz/counter_reg[30]'
INFO: [Synth 8-3886] merging instance 'KHz/counter_reg[24]' (FD) to 'KHz/counter_reg[30]'
INFO: [Synth 8-3886] merging instance 'KHz/counter_reg[25]' (FD) to 'KHz/counter_reg[30]'
INFO: [Synth 8-3886] merging instance 'KHz/counter_reg[26]' (FD) to 'KHz/counter_reg[30]'
INFO: [Synth 8-3886] merging instance 'KHz/counter_reg[27]' (FD) to 'KHz/counter_reg[30]'
INFO: [Synth 8-3886] merging instance 'KHz/counter_reg[28]' (FD) to 'KHz/counter_reg[30]'
INFO: [Synth 8-3886] merging instance 'KHz/counter_reg[29]' (FD) to 'KHz/counter_reg[30]'
INFO: [Synth 8-3333] propagating constant 0 across sequential element (KHz/\counter_reg[30] )
WARNING: [Synth 8-3332] Sequential element (counter_reg[30]) is unused and will be removed from module ThousandHz.
---------------------------------------------------------------------------------
Finished Cross Boundary and Area Optimization : Time (s): cpu = 00:00:04 ; elapsed = 00:00:11 . Memory (MB): peak = 765.797 ; gain = 481.090
---------------------------------------------------------------------------------

Report RTL Partitions: 
+-+--------------+------------+----------+
| |RTL Partition |Replication |Instances |
+-+--------------+------------+----------+
+-+--------------+------------+----------+
---------------------------------------------------------------------------------
Start Applying XDC Timing Constraints
---------------------------------------------------------------------------------
---------------------------------------------------------------------------------
Finished Applying XDC Timing Constraints : Time (s): cpu = 00:00:06 ; elapsed = 00:00:16 . Memory (MB): peak = 767.988 ; gain = 483.281
---------------------------------------------------------------------------------
---------------------------------------------------------------------------------
Start Timing Optimization
---------------------------------------------------------------------------------
---------------------------------------------------------------------------------
Finished Timing Optimization : Time (s): cpu = 00:00:06 ; elapsed = 00:00:16 . Memory (MB): peak = 788.262 ; gain = 503.555
---------------------------------------------------------------------------------

Report RTL Partitions: 
+-+--------------+------------+----------+
| |RTL Partition |Replication |Instances |
+-+--------------+------------+----------+
+-+--------------+------------+----------+
---------------------------------------------------------------------------------
Start Technology Mapping
---------------------------------------------------------------------------------
---------------------------------------------------------------------------------
Finished Technology Mapping : Time (s): cpu = 00:00:06 ; elapsed = 00:00:16 . Memory (MB): peak = 825.449 ; gain = 540.742
---------------------------------------------------------------------------------

Report RTL Partitions: 
+-+--------------+------------+----------+
| |RTL Partition |Replication |Instances |
+-+--------------+------------+----------+
+-+--------------+------------+----------+
---------------------------------------------------------------------------------
Start IO Insertion
---------------------------------------------------------------------------------
---------------------------------------------------------------------------------
Start Flattening Before IO Insertion
---------------------------------------------------------------------------------
---------------------------------------------------------------------------------
Finished Flattening Before IO Insertion
---------------------------------------------------------------------------------
---------------------------------------------------------------------------------
Start Final Netlist Cleanup
---------------------------------------------------------------------------------
---------------------------------------------------------------------------------
Finished Final Netlist Cleanup
---------------------------------------------------------------------------------
---------------------------------------------------------------------------------
Finished IO Insertion : Time (s): cpu = 00:00:07 ; elapsed = 00:00:16 . Memory (MB): peak = 825.449 ; gain = 540.742
---------------------------------------------------------------------------------

Report Check Netlist: 
+------+------------------+-------+---------+-------+------------------+
|      |Item              |Errors |Warnings |Status |Description       |
+------+------------------+-------+---------+-------+------------------+
|1     |multi_driven_nets |      0|        0|Passed |Multi driven nets |
+------+------------------+-------+---------+-------+------------------+
---------------------------------------------------------------------------------
Start Renaming Generated Instances
---------------------------------------------------------------------------------
---------------------------------------------------------------------------------
Finished Renaming Generated Instances : Time (s): cpu = 00:00:07 ; elapsed = 00:00:16 . Memory (MB): peak = 825.449 ; gain = 540.742
---------------------------------------------------------------------------------

Report RTL Partitions: 
+-+--------------+------------+----------+
| |RTL Partition |Replication |Instances |
+-+--------------+------------+----------+
+-+--------------+------------+----------+
---------------------------------------------------------------------------------
Start Rebuilding User Hierarchy
---------------------------------------------------------------------------------
---------------------------------------------------------------------------------
Finished Rebuilding User Hierarchy : Time (s): cpu = 00:00:07 ; elapsed = 00:00:16 . Memory (MB): peak = 825.449 ; gain = 540.742
---------------------------------------------------------------------------------
---------------------------------------------------------------------------------
Start Renaming Generated Ports
---------------------------------------------------------------------------------
---------------------------------------------------------------------------------
Finished Renaming Generated Ports : Time (s): cpu = 00:00:07 ; elapsed = 00:00:16 . Memory (MB): peak = 825.449 ; gain = 540.742
---------------------------------------------------------------------------------
---------------------------------------------------------------------------------
Start Handling Custom Attributes
---------------------------------------------------------------------------------
---------------------------------------------------------------------------------
Finished Handling Custom Attributes : Time (s): cpu = 00:00:07 ; elapsed = 00:00:16 . Memory (MB): peak = 825.449 ; gain = 540.742
---------------------------------------------------------------------------------
---------------------------------------------------------------------------------
Start Renaming Generated Nets
---------------------------------------------------------------------------------
---------------------------------------------------------------------------------
Finished Renaming Generated Nets : Time (s): cpu = 00:00:07 ; elapsed = 00:00:16 . Memory (MB): peak = 825.449 ; gain = 540.742
---------------------------------------------------------------------------------
---------------------------------------------------------------------------------
Start Writing Synthesis Report
---------------------------------------------------------------------------------

Report BlackBoxes: 
+-+--------------+----------+
| |BlackBox name |Instances |
+-+--------------+----------+
+-+--------------+----------+

Report Cell Usage: 
+------+-------+------+
|      |Cell   |Count |
+------+-------+------+
|1     |BUFG   |     3|
|2     |CARRY4 |   102|
|3     |LUT1   |    25|
|4     |LUT2   |   187|
|5     |LUT3   |   121|
|6     |LUT4   |   166|
|7     |LUT5   |   113|
|8     |LUT6   |   241|
|9     |MUXF7  |     1|
|10    |FDRE   |   237|
|11    |FDRE_1 |    31|
|12    |FDSE   |     6|
|13    |FDSE_1 |     1|
|14    |LD     |     7|
|15    |IBUF   |     7|
|16    |OBUF   |    18|
+------+-------+------+

Report Instance Areas: 
+------+--------------+-------------------+------+
|      |Instance      |Module             |Cells |
+------+--------------+-------------------+------+
|1     |top           |                   |  1266|
|2     |  KHz         |ThousandHz         |    51|
|3     |  blks        |blocks_display     |    84|
|4     |  car_pos     |car_position       |   105|
|5     |    db_btnD   |debouncer_button   |     4|
|6     |      D0      |DFF_11             |     1|
|7     |      D1      |DFF_12             |     1|
|8     |      D2      |DFF_13             |     2|
|9     |    db_btnL   |debouncer_button_0 |     9|
|10    |      D0      |DFF_8              |     1|
|11    |      D1      |DFF_9              |     3|
|12    |      D2      |DFF_10             |     5|
|13    |    db_btnR   |debouncer_button_1 |     5|
|14    |      D0      |DFF_5              |     1|
|15    |      D1      |DFF_6              |     2|
|16    |      D2      |DFF_7              |     2|
|17    |    db_btnU   |debouncer_button_2 |    10|
|18    |      D0      |DFF                |     1|
|19    |      D1      |DFF_3              |     4|
|20    |      D2      |DFF_4              |     5|
|21    |  clk         |clocks             |    62|
|22    |  coin        |coins              |    79|
|23    |  digit_count |digits_counter     |    70|
|24    |    clk       |clk_480hz          |    24|
|25    |    cnt       |segment_counter    |    15|
|26    |  od0         |Oled_Display       |   443|
|27    |  pts_cnt     |points_counter     |   289|
+------+--------------+-------------------+------+
---------------------------------------------------------------------------------
Finished Writing Synthesis Report : Time (s): cpu = 00:00:07 ; elapsed = 00:00:16 . Memory (MB): peak = 825.449 ; gain = 540.742
---------------------------------------------------------------------------------
Synthesis finished with 0 errors, 0 critical warnings and 13 warnings.
Synthesis Optimization Runtime : Time (s): cpu = 00:00:05 ; elapsed = 00:00:12 . Memory (MB): peak = 825.449 ; gain = 212.887
Synthesis Optimization Complete : Time (s): cpu = 00:00:07 ; elapsed = 00:00:16 . Memory (MB): peak = 825.449 ; gain = 540.742
INFO: [Project 1-571] Translating synthesized netlist
INFO: [Netlist 29-17] Analyzing 149 Unisim elements for replacement
INFO: [Netlist 29-28] Unisim Transformation completed in 0 CPU seconds
INFO: [Project 1-570] Preparing netlist for logic optimization
INFO: [Opt 31-138] Pushed 0 inverter(s) to 0 load pin(s).
INFO: [Project 1-111] Unisim Transformation Summary:
  A total of 39 instances were transformed.
  FDRE_1 => FDRE (inverted pins: C): 31 instances
  FDSE_1 => FDSE (inverted pins: C): 1 instances
  LD => LDCE: 7 instances

INFO: [Common 17-83] Releasing license: Synthesis
105 Infos, 96 Warnings, 64 Critical Warnings and 0 Errors encountered.
synth_design completed successfully
synth_design: Time (s): cpu = 00:00:08 ; elapsed = 00:00:18 . Memory (MB): peak = 825.449 ; gain = 553.164
WARNING: [Constraints 18-5210] No constraint will be written out.
INFO: [Common 17-1381] The checkpoint 'C:/Users/eugen/OneDrive - National University of Singapore/Y2S2/EE2026/Project/MAD-2026/MouseAudioDisplay.runs/synth_1/CartMaster.dcp' has been generated.
INFO: [runtcl-4] Executing : report_utilization -file CartMaster_utilization_synth.rpt -pb CartMaster_utilization_synth.pb
report_utilization: Time (s): cpu = 00:00:00 ; elapsed = 00:00:00.011 . Memory (MB): peak = 825.449 ; gain = 0.000
INFO: [Common 17-206] Exiting Vivado at Sun Mar 26 00:48:17 2023...
